2017-03-10 10:13:37  [ JavaFX Application Thread:0 ] - [ INFO ]  Refreshing org.apache.xbean.spring.context.ResourceXmlApplicationContext@64369787: startup date [Fri Mar 10 10:13:37 CST 2017]; root of context hierarchy
2017-03-10 10:13:37  [ JavaFX Application Thread:401 ] - [ INFO ]  Loading XML bean definitions from file [C:\Users\Administrator\workspace\zb\config\applicationContext.xml]
2017-03-10 10:13:38  [ JavaFX Application Thread:1111 ] - [ INFO ]  Loading XML bean definitions from file [C:\Users\Administrator\workspace\zb\config\mybatis.xml]
2017-03-10 10:13:38  [ JavaFX Application Thread:1207 ] - [ INFO ]  Overriding bean definition for bean 'tableRelationTools' with a different definition: replacing [Generic bean: class [com.iscas.zb.tools.TableRelationTools]; scope=singleton; abstract=false; lazyInit=false; autowireMode=0; dependencyCheck=0; autowireCandidate=true; primary=false; factoryBeanName=null; factoryMethodName=null; initMethodName=null; destroyMethodName=null; defined in file [C:\Users\Administrator\workspace\zb\bin\com\iscas\zb\tools\TableRelationTools.class]] with [Generic bean: class [com.iscas.zb.tools.TableRelationTools]; scope=; abstract=false; lazyInit=false; autowireMode=0; dependencyCheck=0; autowireCandidate=true; primary=false; factoryBeanName=null; factoryMethodName=null; initMethodName=null; destroyMethodName=null; defined in file [C:\Users\Administrator\workspace\zb\config\applicationContext.xml]]
2017-03-10 10:13:38  [ JavaFX Application Thread:1208 ] - [ INFO ]  Overriding bean definition for bean 'enToChTools' with a different definition: replacing [Generic bean: class [com.iscas.zb.tools.EnToChTools]; scope=singleton; abstract=false; lazyInit=false; autowireMode=0; dependencyCheck=0; autowireCandidate=true; primary=false; factoryBeanName=null; factoryMethodName=null; initMethodName=null; destroyMethodName=null; defined in file [C:\Users\Administrator\workspace\zb\bin\com\iscas\zb\tools\EnToChTools.class]] with [Generic bean: class [com.iscas.zb.tools.EnToChTools]; scope=; abstract=false; lazyInit=false; autowireMode=0; dependencyCheck=0; autowireCandidate=true; primary=false; factoryBeanName=null; factoryMethodName=null; initMethodName=null; destroyMethodName=null; defined in file [C:\Users\Administrator\workspace\zb\config\applicationContext.xml]]
2017-03-10 10:13:39  [ JavaFX Application Thread:1925 ] - [ INFO ]  Loading properties file from file [C:\Users\Administrator\workspace\zb\config\jdbc.properties]
2017-03-10 10:13:40  [ JavaFX Application Thread:3637 ] - [ INFO ]  Using default implementation for ThreadExecutor
2017-03-10 10:13:40  [ JavaFX Application Thread:3653 ] - [ INFO ]  Initialized Scheduler Signaller of type: class org.quartz.core.SchedulerSignalerImpl
2017-03-10 10:13:40  [ JavaFX Application Thread:3653 ] - [ INFO ]  Quartz Scheduler v.2.2.2 created.
2017-03-10 10:13:40  [ JavaFX Application Thread:3654 ] - [ INFO ]  RAMJobStore initialized.
2017-03-10 10:13:40  [ JavaFX Application Thread:3655 ] - [ INFO ]  Scheduler meta-data: Quartz Scheduler (v2.2.2) 'org.springframework.scheduling.quartz.SchedulerFactoryBean#0' with instanceId 'NON_CLUSTERED'
  Scheduler class: 'org.quartz.core.QuartzScheduler' - running locally.
  NOT STARTED.
  Currently in standby mode.
  Number of jobs executed: 0
  Using thread pool 'org.quartz.simpl.SimpleThreadPool' - with 10 threads.
  Using job-store 'org.quartz.simpl.RAMJobStore' - which does not support persistence. and is not clustered.

2017-03-10 10:13:40  [ JavaFX Application Thread:3655 ] - [ INFO ]  Quartz scheduler 'org.springframework.scheduling.quartz.SchedulerFactoryBean#0' initialized from an externally provided properties instance.
2017-03-10 10:13:40  [ JavaFX Application Thread:3655 ] - [ INFO ]  Quartz scheduler version: 2.2.2
2017-03-10 10:13:40  [ JavaFX Application Thread:3657 ] - [ INFO ]  JobFactory set to: org.springframework.scheduling.quartz.AdaptableJobFactory@51ce79bf
2017-03-10 10:13:40  [ JavaFX Application Thread:3710 ] - [ INFO ]  Starting beans in phase 2147483647
2017-03-10 10:13:40  [ JavaFX Application Thread:3711 ] - [ INFO ]  Starting Quartz Scheduler now
2017-03-10 10:13:40  [ JavaFX Application Thread:3712 ] - [ INFO ]  Scheduler org.springframework.scheduling.quartz.SchedulerFactoryBean#0_$_NON_CLUSTERED started.
2017-03-10 10:13:40  [ JavaFX Application Thread:3720 ] - [ INFO ]  --spring启动--
2017-03-10 10:13:42  [ Thread-4:5573 ] - [ INFO ]  --开始初始化XML配置--
2017-03-10 10:13:42  [ Thread-4:5602 ] - [ INFO ]  --初始化XML配置结束--
2017-03-10 10:13:47  [ Thread-4:9902 ] - [ INFO ]  --获得JDBC连接--
2017-03-10 10:13:50  [ JavaFX Application Thread:13057 ] - [ INFO ]  --弹出表空军基地--
2017-03-10 10:19:50  [ JavaFX Application Thread:0 ] - [ INFO ]  Refreshing org.apache.xbean.spring.context.ResourceXmlApplicationContext@574718ca: startup date [Fri Mar 10 10:19:50 CST 2017]; root of context hierarchy
2017-03-10 10:19:50  [ JavaFX Application Thread:77 ] - [ INFO ]  Loading XML bean definitions from file [C:\Users\Administrator\workspace\zb\config\applicationContext.xml]
2017-03-10 10:19:51  [ JavaFX Application Thread:457 ] - [ INFO ]  Loading XML bean definitions from file [C:\Users\Administrator\workspace\zb\config\mybatis.xml]
2017-03-10 10:19:51  [ JavaFX Application Thread:530 ] - [ INFO ]  Overriding bean definition for bean 'tableRelationTools' with a different definition: replacing [Generic bean: class [com.iscas.zb.tools.TableRelationTools]; scope=singleton; abstract=false; lazyInit=false; autowireMode=0; dependencyCheck=0; autowireCandidate=true; primary=false; factoryBeanName=null; factoryMethodName=null; initMethodName=null; destroyMethodName=null; defined in file [C:\Users\Administrator\workspace\zb\bin\com\iscas\zb\tools\TableRelationTools.class]] with [Generic bean: class [com.iscas.zb.tools.TableRelationTools]; scope=; abstract=false; lazyInit=false; autowireMode=0; dependencyCheck=0; autowireCandidate=true; primary=false; factoryBeanName=null; factoryMethodName=null; initMethodName=null; destroyMethodName=null; defined in file [C:\Users\Administrator\workspace\zb\config\applicationContext.xml]]
2017-03-10 10:19:51  [ JavaFX Application Thread:532 ] - [ INFO ]  Overriding bean definition for bean 'enToChTools' with a different definition: replacing [Generic bean: class [com.iscas.zb.tools.EnToChTools]; scope=singleton; abstract=false; lazyInit=false; autowireMode=0; dependencyCheck=0; autowireCandidate=true; primary=false; factoryBeanName=null; factoryMethodName=null; initMethodName=null; destroyMethodName=null; defined in file [C:\Users\Administrator\workspace\zb\bin\com\iscas\zb\tools\EnToChTools.class]] with [Generic bean: class [com.iscas.zb.tools.EnToChTools]; scope=; abstract=false; lazyInit=false; autowireMode=0; dependencyCheck=0; autowireCandidate=true; primary=false; factoryBeanName=null; factoryMethodName=null; initMethodName=null; destroyMethodName=null; defined in file [C:\Users\Administrator\workspace\zb\config\applicationContext.xml]]
2017-03-10 10:19:51  [ JavaFX Application Thread:940 ] - [ INFO ]  Loading properties file from file [C:\Users\Administrator\workspace\zb\config\jdbc.properties]
2017-03-10 10:19:53  [ JavaFX Application Thread:2383 ] - [ INFO ]  Using default implementation for ThreadExecutor
2017-03-10 10:19:53  [ JavaFX Application Thread:2405 ] - [ INFO ]  Initialized Scheduler Signaller of type: class org.quartz.core.SchedulerSignalerImpl
2017-03-10 10:19:53  [ JavaFX Application Thread:2405 ] - [ INFO ]  Quartz Scheduler v.2.2.2 created.
2017-03-10 10:19:53  [ JavaFX Application Thread:2406 ] - [ INFO ]  RAMJobStore initialized.
2017-03-10 10:19:53  [ JavaFX Application Thread:2408 ] - [ INFO ]  Scheduler meta-data: Quartz Scheduler (v2.2.2) 'org.springframework.scheduling.quartz.SchedulerFactoryBean#0' with instanceId 'NON_CLUSTERED'
  Scheduler class: 'org.quartz.core.QuartzScheduler' - running locally.
  NOT STARTED.
  Currently in standby mode.
  Number of jobs executed: 0
  Using thread pool 'org.quartz.simpl.SimpleThreadPool' - with 10 threads.
  Using job-store 'org.quartz.simpl.RAMJobStore' - which does not support persistence. and is not clustered.

2017-03-10 10:19:53  [ JavaFX Application Thread:2408 ] - [ INFO ]  Quartz scheduler 'org.springframework.scheduling.quartz.SchedulerFactoryBean#0' initialized from an externally provided properties instance.
2017-03-10 10:19:53  [ JavaFX Application Thread:2408 ] - [ INFO ]  Quartz scheduler version: 2.2.2
2017-03-10 10:19:53  [ JavaFX Application Thread:2410 ] - [ INFO ]  JobFactory set to: org.springframework.scheduling.quartz.AdaptableJobFactory@3e9be649
2017-03-10 10:19:53  [ JavaFX Application Thread:2473 ] - [ INFO ]  Starting beans in phase 2147483647
2017-03-10 10:19:53  [ JavaFX Application Thread:2474 ] - [ INFO ]  Starting Quartz Scheduler now
2017-03-10 10:19:53  [ JavaFX Application Thread:2475 ] - [ INFO ]  Scheduler org.springframework.scheduling.quartz.SchedulerFactoryBean#0_$_NON_CLUSTERED started.
2017-03-10 10:19:53  [ JavaFX Application Thread:2484 ] - [ INFO ]  --spring启动--
2017-03-10 10:20:04  [ Thread-6:14050 ] - [ INFO ]  --开始初始化XML配置--
2017-03-10 10:20:04  [ Thread-6:14079 ] - [ INFO ]  --初始化XML配置结束--
2017-03-10 10:20:04  [ Thread-6:14116 ] - [ INFO ]  --获得JDBC连接--
2017-03-10 10:20:07  [ JavaFX Application Thread:17139 ] - [ INFO ]  --弹出表空军基地--
2017-03-10 10:32:28  [ JavaFX Application Thread:0 ] - [ INFO ]  Refreshing org.apache.xbean.spring.context.ResourceXmlApplicationContext@574718ca: startup date [Fri Mar 10 10:32:28 CST 2017]; root of context hierarchy
2017-03-10 10:32:28  [ JavaFX Application Thread:94 ] - [ INFO ]  Loading XML bean definitions from file [C:\Users\Administrator\workspace\zb\config\applicationContext.xml]
2017-03-10 10:32:28  [ JavaFX Application Thread:541 ] - [ INFO ]  Loading XML bean definitions from file [C:\Users\Administrator\workspace\zb\config\mybatis.xml]
2017-03-10 10:32:28  [ JavaFX Application Thread:599 ] - [ INFO ]  Overriding bean definition for bean 'tableRelationTools' with a different definition: replacing [Generic bean: class [com.iscas.zb.tools.TableRelationTools]; scope=singleton; abstract=false; lazyInit=false; autowireMode=0; dependencyCheck=0; autowireCandidate=true; primary=false; factoryBeanName=null; factoryMethodName=null; initMethodName=null; destroyMethodName=null; defined in file [C:\Users\Administrator\workspace\zb\bin\com\iscas\zb\tools\TableRelationTools.class]] with [Generic bean: class [com.iscas.zb.tools.TableRelationTools]; scope=; abstract=false; lazyInit=false; autowireMode=0; dependencyCheck=0; autowireCandidate=true; primary=false; factoryBeanName=null; factoryMethodName=null; initMethodName=null; destroyMethodName=null; defined in file [C:\Users\Administrator\workspace\zb\config\applicationContext.xml]]
2017-03-10 10:32:28  [ JavaFX Application Thread:601 ] - [ INFO ]  Overriding bean definition for bean 'enToChTools' with a different definition: replacing [Generic bean: class [com.iscas.zb.tools.EnToChTools]; scope=singleton; abstract=false; lazyInit=false; autowireMode=0; dependencyCheck=0; autowireCandidate=true; primary=false; factoryBeanName=null; factoryMethodName=null; initMethodName=null; destroyMethodName=null; defined in file [C:\Users\Administrator\workspace\zb\bin\com\iscas\zb\tools\EnToChTools.class]] with [Generic bean: class [com.iscas.zb.tools.EnToChTools]; scope=; abstract=false; lazyInit=false; autowireMode=0; dependencyCheck=0; autowireCandidate=true; primary=false; factoryBeanName=null; factoryMethodName=null; initMethodName=null; destroyMethodName=null; defined in file [C:\Users\Administrator\workspace\zb\config\applicationContext.xml]]
2017-03-10 10:32:29  [ JavaFX Application Thread:1038 ] - [ INFO ]  Loading properties file from file [C:\Users\Administrator\workspace\zb\config\jdbc.properties]
2017-03-10 10:32:30  [ JavaFX Application Thread:2395 ] - [ INFO ]  Using default implementation for ThreadExecutor
2017-03-10 10:32:30  [ JavaFX Application Thread:2415 ] - [ INFO ]  Initialized Scheduler Signaller of type: class org.quartz.core.SchedulerSignalerImpl
2017-03-10 10:32:30  [ JavaFX Application Thread:2415 ] - [ INFO ]  Quartz Scheduler v.2.2.2 created.
2017-03-10 10:32:30  [ JavaFX Application Thread:2417 ] - [ INFO ]  RAMJobStore initialized.
2017-03-10 10:32:30  [ JavaFX Application Thread:2418 ] - [ INFO ]  Scheduler meta-data: Quartz Scheduler (v2.2.2) 'org.springframework.scheduling.quartz.SchedulerFactoryBean#0' with instanceId 'NON_CLUSTERED'
  Scheduler class: 'org.quartz.core.QuartzScheduler' - running locally.
  NOT STARTED.
  Currently in standby mode.
  Number of jobs executed: 0
  Using thread pool 'org.quartz.simpl.SimpleThreadPool' - with 10 threads.
  Using job-store 'org.quartz.simpl.RAMJobStore' - which does not support persistence. and is not clustered.

2017-03-10 10:32:30  [ JavaFX Application Thread:2418 ] - [ INFO ]  Quartz scheduler 'org.springframework.scheduling.quartz.SchedulerFactoryBean#0' initialized from an externally provided properties instance.
2017-03-10 10:32:30  [ JavaFX Application Thread:2418 ] - [ INFO ]  Quartz scheduler version: 2.2.2
2017-03-10 10:32:30  [ JavaFX Application Thread:2419 ] - [ INFO ]  JobFactory set to: org.springframework.scheduling.quartz.AdaptableJobFactory@3e9be649
2017-03-10 10:32:30  [ JavaFX Application Thread:2500 ] - [ INFO ]  Starting beans in phase 2147483647
2017-03-10 10:32:30  [ JavaFX Application Thread:2501 ] - [ INFO ]  Starting Quartz Scheduler now
2017-03-10 10:32:30  [ JavaFX Application Thread:2501 ] - [ INFO ]  Scheduler org.springframework.scheduling.quartz.SchedulerFactoryBean#0_$_NON_CLUSTERED started.
2017-03-10 10:32:30  [ JavaFX Application Thread:2509 ] - [ INFO ]  --spring启动--
2017-03-10 10:32:32  [ Thread-4:4632 ] - [ INFO ]  --开始初始化XML配置--
2017-03-10 10:32:32  [ Thread-4:4674 ] - [ INFO ]  --初始化XML配置结束--
2017-03-10 10:32:34  [ Thread-4:5939 ] - [ INFO ]  --获得JDBC连接--
2017-03-10 10:33:14  [ JavaFX Application Thread:46185 ] - [ INFO ]  --弹出表想定事件时间--
2017-03-10 10:45:16  [ JavaFX Application Thread:0 ] - [ INFO ]  Refreshing org.apache.xbean.spring.context.ResourceXmlApplicationContext@61697e2c: startup date [Fri Mar 10 10:45:16 CST 2017]; root of context hierarchy
2017-03-10 10:45:16  [ JavaFX Application Thread:81 ] - [ INFO ]  Loading XML bean definitions from file [C:\Users\Administrator\workspace\zb\config\applicationContext.xml]
2017-03-10 10:45:16  [ JavaFX Application Thread:571 ] - [ INFO ]  Loading XML bean definitions from file [C:\Users\Administrator\workspace\zb\config\mybatis.xml]
2017-03-10 10:45:16  [ JavaFX Application Thread:650 ] - [ INFO ]  Overriding bean definition for bean 'tableRelationTools' with a different definition: replacing [Generic bean: class [com.iscas.zb.tools.TableRelationTools]; scope=singleton; abstract=false; lazyInit=false; autowireMode=0; dependencyCheck=0; autowireCandidate=true; primary=false; factoryBeanName=null; factoryMethodName=null; initMethodName=null; destroyMethodName=null; defined in file [C:\Users\Administrator\workspace\zb\bin\com\iscas\zb\tools\TableRelationTools.class]] with [Generic bean: class [com.iscas.zb.tools.TableRelationTools]; scope=; abstract=false; lazyInit=false; autowireMode=0; dependencyCheck=0; autowireCandidate=true; primary=false; factoryBeanName=null; factoryMethodName=null; initMethodName=null; destroyMethodName=null; defined in file [C:\Users\Administrator\workspace\zb\config\applicationContext.xml]]
2017-03-10 10:45:16  [ JavaFX Application Thread:652 ] - [ INFO ]  Overriding bean definition for bean 'enToChTools' with a different definition: replacing [Generic bean: class [com.iscas.zb.tools.EnToChTools]; scope=singleton; abstract=false; lazyInit=false; autowireMode=0; dependencyCheck=0; autowireCandidate=true; primary=false; factoryBeanName=null; factoryMethodName=null; initMethodName=null; destroyMethodName=null; defined in file [C:\Users\Administrator\workspace\zb\bin\com\iscas\zb\tools\EnToChTools.class]] with [Generic bean: class [com.iscas.zb.tools.EnToChTools]; scope=; abstract=false; lazyInit=false; autowireMode=0; dependencyCheck=0; autowireCandidate=true; primary=false; factoryBeanName=null; factoryMethodName=null; initMethodName=null; destroyMethodName=null; defined in file [C:\Users\Administrator\workspace\zb\config\applicationContext.xml]]
2017-03-10 10:45:17  [ JavaFX Application Thread:1051 ] - [ INFO ]  Loading properties file from file [C:\Users\Administrator\workspace\zb\config\jdbc.properties]
2017-03-10 10:45:18  [ JavaFX Application Thread:2135 ] - [ INFO ]  Using default implementation for ThreadExecutor
2017-03-10 10:45:18  [ JavaFX Application Thread:2153 ] - [ INFO ]  Initialized Scheduler Signaller of type: class org.quartz.core.SchedulerSignalerImpl
2017-03-10 10:45:18  [ JavaFX Application Thread:2154 ] - [ INFO ]  Quartz Scheduler v.2.2.2 created.
2017-03-10 10:45:18  [ JavaFX Application Thread:2155 ] - [ INFO ]  RAMJobStore initialized.
2017-03-10 10:45:18  [ JavaFX Application Thread:2156 ] - [ INFO ]  Scheduler meta-data: Quartz Scheduler (v2.2.2) 'org.springframework.scheduling.quartz.SchedulerFactoryBean#0' with instanceId 'NON_CLUSTERED'
  Scheduler class: 'org.quartz.core.QuartzScheduler' - running locally.
  NOT STARTED.
  Currently in standby mode.
  Number of jobs executed: 0
  Using thread pool 'org.quartz.simpl.SimpleThreadPool' - with 10 threads.
  Using job-store 'org.quartz.simpl.RAMJobStore' - which does not support persistence. and is not clustered.

2017-03-10 10:45:18  [ JavaFX Application Thread:2157 ] - [ INFO ]  Quartz scheduler 'org.springframework.scheduling.quartz.SchedulerFactoryBean#0' initialized from an externally provided properties instance.
2017-03-10 10:45:18  [ JavaFX Application Thread:2157 ] - [ INFO ]  Quartz scheduler version: 2.2.2
2017-03-10 10:45:18  [ JavaFX Application Thread:2158 ] - [ INFO ]  JobFactory set to: org.springframework.scheduling.quartz.AdaptableJobFactory@4e4b7c11
2017-03-10 10:45:18  [ JavaFX Application Thread:2205 ] - [ INFO ]  Starting beans in phase 2147483647
2017-03-10 10:45:18  [ JavaFX Application Thread:2205 ] - [ INFO ]  Starting Quartz Scheduler now
2017-03-10 10:45:18  [ JavaFX Application Thread:2206 ] - [ INFO ]  Scheduler org.springframework.scheduling.quartz.SchedulerFactoryBean#0_$_NON_CLUSTERED started.
2017-03-10 10:45:18  [ JavaFX Application Thread:2213 ] - [ INFO ]  --spring启动--
2017-03-10 10:45:20  [ Thread-4:3937 ] - [ INFO ]  --开始初始化XML配置--
2017-03-10 10:45:20  [ Thread-4:3978 ] - [ INFO ]  --初始化XML配置结束--
2017-03-10 10:45:21  [ Thread-4:4885 ] - [ INFO ]  --获得JDBC连接--
2017-03-10 10:49:35  [ JavaFX Application Thread:0 ] - [ INFO ]  Refreshing org.apache.xbean.spring.context.ResourceXmlApplicationContext@64369787: startup date [Fri Mar 10 10:49:35 CST 2017]; root of context hierarchy
2017-03-10 10:49:35  [ JavaFX Application Thread:74 ] - [ INFO ]  Loading XML bean definitions from file [C:\Users\Administrator\workspace\zb\config\applicationContext.xml]
2017-03-10 10:49:36  [ JavaFX Application Thread:476 ] - [ INFO ]  Loading XML bean definitions from file [C:\Users\Administrator\workspace\zb\config\mybatis.xml]
2017-03-10 10:49:36  [ JavaFX Application Thread:541 ] - [ INFO ]  Overriding bean definition for bean 'tableRelationTools' with a different definition: replacing [Generic bean: class [com.iscas.zb.tools.TableRelationTools]; scope=singleton; abstract=false; lazyInit=false; autowireMode=0; dependencyCheck=0; autowireCandidate=true; primary=false; factoryBeanName=null; factoryMethodName=null; initMethodName=null; destroyMethodName=null; defined in file [C:\Users\Administrator\workspace\zb\bin\com\iscas\zb\tools\TableRelationTools.class]] with [Generic bean: class [com.iscas.zb.tools.TableRelationTools]; scope=; abstract=false; lazyInit=false; autowireMode=0; dependencyCheck=0; autowireCandidate=true; primary=false; factoryBeanName=null; factoryMethodName=null; initMethodName=null; destroyMethodName=null; defined in file [C:\Users\Administrator\workspace\zb\config\applicationContext.xml]]
2017-03-10 10:49:36  [ JavaFX Application Thread:542 ] - [ INFO ]  Overriding bean definition for bean 'enToChTools' with a different definition: replacing [Generic bean: class [com.iscas.zb.tools.EnToChTools]; scope=singleton; abstract=false; lazyInit=false; autowireMode=0; dependencyCheck=0; autowireCandidate=true; primary=false; factoryBeanName=null; factoryMethodName=null; initMethodName=null; destroyMethodName=null; defined in file [C:\Users\Administrator\workspace\zb\bin\com\iscas\zb\tools\EnToChTools.class]] with [Generic bean: class [com.iscas.zb.tools.EnToChTools]; scope=; abstract=false; lazyInit=false; autowireMode=0; dependencyCheck=0; autowireCandidate=true; primary=false; factoryBeanName=null; factoryMethodName=null; initMethodName=null; destroyMethodName=null; defined in file [C:\Users\Administrator\workspace\zb\config\applicationContext.xml]]
2017-03-10 10:49:36  [ JavaFX Application Thread:913 ] - [ INFO ]  Loading properties file from file [C:\Users\Administrator\workspace\zb\config\jdbc.properties]
2017-03-10 10:49:37  [ JavaFX Application Thread:2136 ] - [ INFO ]  Using default implementation for ThreadExecutor
2017-03-10 10:49:37  [ JavaFX Application Thread:2152 ] - [ INFO ]  Initialized Scheduler Signaller of type: class org.quartz.core.SchedulerSignalerImpl
2017-03-10 10:49:37  [ JavaFX Application Thread:2152 ] - [ INFO ]  Quartz Scheduler v.2.2.2 created.
2017-03-10 10:49:37  [ JavaFX Application Thread:2154 ] - [ INFO ]  RAMJobStore initialized.
2017-03-10 10:49:37  [ JavaFX Application Thread:2155 ] - [ INFO ]  Scheduler meta-data: Quartz Scheduler (v2.2.2) 'org.springframework.scheduling.quartz.SchedulerFactoryBean#0' with instanceId 'NON_CLUSTERED'
  Scheduler class: 'org.quartz.core.QuartzScheduler' - running locally.
  NOT STARTED.
  Currently in standby mode.
  Number of jobs executed: 0
  Using thread pool 'org.quartz.simpl.SimpleThreadPool' - with 10 threads.
  Using job-store 'org.quartz.simpl.RAMJobStore' - which does not support persistence. and is not clustered.

2017-03-10 10:49:37  [ JavaFX Application Thread:2155 ] - [ INFO ]  Quartz scheduler 'org.springframework.scheduling.quartz.SchedulerFactoryBean#0' initialized from an externally provided properties instance.
2017-03-10 10:49:37  [ JavaFX Application Thread:2155 ] - [ INFO ]  Quartz scheduler version: 2.2.2
2017-03-10 10:49:37  [ JavaFX Application Thread:2157 ] - [ INFO ]  JobFactory set to: org.springframework.scheduling.quartz.AdaptableJobFactory@51ce79bf
2017-03-10 10:49:37  [ JavaFX Application Thread:2212 ] - [ INFO ]  Starting beans in phase 2147483647
2017-03-10 10:49:37  [ JavaFX Application Thread:2212 ] - [ INFO ]  Starting Quartz Scheduler now
2017-03-10 10:49:37  [ JavaFX Application Thread:2214 ] - [ INFO ]  Scheduler org.springframework.scheduling.quartz.SchedulerFactoryBean#0_$_NON_CLUSTERED started.
2017-03-10 10:49:37  [ JavaFX Application Thread:2222 ] - [ INFO ]  --spring启动--
2017-03-10 10:49:41  [ Thread-4:5497 ] - [ INFO ]  --开始初始化XML配置--
2017-03-10 10:49:41  [ Thread-4:5547 ] - [ INFO ]  --初始化XML配置结束--
2017-03-10 10:49:42  [ Thread-4:6415 ] - [ INFO ]  --获得JDBC连接--
2017-03-10 10:50:14  [ JavaFX Application Thread:0 ] - [ INFO ]  Refreshing org.apache.xbean.spring.context.ResourceXmlApplicationContext@4d4cb61f: startup date [Fri Mar 10 10:50:14 CST 2017]; root of context hierarchy
2017-03-10 10:50:14  [ JavaFX Application Thread:80 ] - [ INFO ]  Loading XML bean definitions from file [C:\Users\Administrator\workspace\zb\config\applicationContext.xml]
2017-03-10 10:50:15  [ JavaFX Application Thread:606 ] - [ INFO ]  Loading XML bean definitions from file [C:\Users\Administrator\workspace\zb\config\mybatis.xml]
2017-03-10 10:50:15  [ JavaFX Application Thread:678 ] - [ INFO ]  Overriding bean definition for bean 'tableRelationTools' with a different definition: replacing [Generic bean: class [com.iscas.zb.tools.TableRelationTools]; scope=singleton; abstract=false; lazyInit=false; autowireMode=0; dependencyCheck=0; autowireCandidate=true; primary=false; factoryBeanName=null; factoryMethodName=null; initMethodName=null; destroyMethodName=null; defined in file [C:\Users\Administrator\workspace\zb\bin\com\iscas\zb\tools\TableRelationTools.class]] with [Generic bean: class [com.iscas.zb.tools.TableRelationTools]; scope=; abstract=false; lazyInit=false; autowireMode=0; dependencyCheck=0; autowireCandidate=true; primary=false; factoryBeanName=null; factoryMethodName=null; initMethodName=null; destroyMethodName=null; defined in file [C:\Users\Administrator\workspace\zb\config\applicationContext.xml]]
2017-03-10 10:50:15  [ JavaFX Application Thread:679 ] - [ INFO ]  Overriding bean definition for bean 'enToChTools' with a different definition: replacing [Generic bean: class [com.iscas.zb.tools.EnToChTools]; scope=singleton; abstract=false; lazyInit=false; autowireMode=0; dependencyCheck=0; autowireCandidate=true; primary=false; factoryBeanName=null; factoryMethodName=null; initMethodName=null; destroyMethodName=null; defined in file [C:\Users\Administrator\workspace\zb\bin\com\iscas\zb\tools\EnToChTools.class]] with [Generic bean: class [com.iscas.zb.tools.EnToChTools]; scope=; abstract=false; lazyInit=false; autowireMode=0; dependencyCheck=0; autowireCandidate=true; primary=false; factoryBeanName=null; factoryMethodName=null; initMethodName=null; destroyMethodName=null; defined in file [C:\Users\Administrator\workspace\zb\config\applicationContext.xml]]
2017-03-10 10:50:15  [ JavaFX Application Thread:1085 ] - [ INFO ]  Loading properties file from file [C:\Users\Administrator\workspace\zb\config\jdbc.properties]
2017-03-10 10:50:16  [ JavaFX Application Thread:2296 ] - [ INFO ]  Using default implementation for ThreadExecutor
2017-03-10 10:50:16  [ JavaFX Application Thread:2314 ] - [ INFO ]  Initialized Scheduler Signaller of type: class org.quartz.core.SchedulerSignalerImpl
2017-03-10 10:50:16  [ JavaFX Application Thread:2314 ] - [ INFO ]  Quartz Scheduler v.2.2.2 created.
2017-03-10 10:50:16  [ JavaFX Application Thread:2315 ] - [ INFO ]  RAMJobStore initialized.
2017-03-10 10:50:16  [ JavaFX Application Thread:2317 ] - [ INFO ]  Scheduler meta-data: Quartz Scheduler (v2.2.2) 'org.springframework.scheduling.quartz.SchedulerFactoryBean#0' with instanceId 'NON_CLUSTERED'
  Scheduler class: 'org.quartz.core.QuartzScheduler' - running locally.
  NOT STARTED.
  Currently in standby mode.
  Number of jobs executed: 0
  Using thread pool 'org.quartz.simpl.SimpleThreadPool' - with 10 threads.
  Using job-store 'org.quartz.simpl.RAMJobStore' - which does not support persistence. and is not clustered.

2017-03-10 10:50:16  [ JavaFX Application Thread:2317 ] - [ INFO ]  Quartz scheduler 'org.springframework.scheduling.quartz.SchedulerFactoryBean#0' initialized from an externally provided properties instance.
2017-03-10 10:50:16  [ JavaFX Application Thread:2318 ] - [ INFO ]  Quartz scheduler version: 2.2.2
2017-03-10 10:50:16  [ JavaFX Application Thread:2319 ] - [ INFO ]  JobFactory set to: org.springframework.scheduling.quartz.AdaptableJobFactory@54c5042f
2017-03-10 10:50:16  [ JavaFX Application Thread:2379 ] - [ INFO ]  Starting beans in phase 2147483647
2017-03-10 10:50:16  [ JavaFX Application Thread:2380 ] - [ INFO ]  Starting Quartz Scheduler now
2017-03-10 10:50:16  [ JavaFX Application Thread:2380 ] - [ INFO ]  Scheduler org.springframework.scheduling.quartz.SchedulerFactoryBean#0_$_NON_CLUSTERED started.
2017-03-10 10:50:16  [ JavaFX Application Thread:2388 ] - [ INFO ]  --spring启动--
2017-03-10 10:50:19  [ Thread-4:4756 ] - [ INFO ]  --开始初始化XML配置--
2017-03-10 10:50:19  [ Thread-4:4786 ] - [ INFO ]  --初始化XML配置结束--
2017-03-10 10:50:20  [ Thread-4:5642 ] - [ INFO ]  --获得JDBC连接--
2017-03-10 10:55:27  [ JavaFX Application Thread:0 ] - [ INFO ]  Refreshing org.apache.xbean.spring.context.ResourceXmlApplicationContext@4d4cb61f: startup date [Fri Mar 10 10:55:27 CST 2017]; root of context hierarchy
2017-03-10 10:55:27  [ JavaFX Application Thread:71 ] - [ INFO ]  Loading XML bean definitions from file [C:\Users\Administrator\workspace\zb\config\applicationContext.xml]
2017-03-10 10:55:28  [ JavaFX Application Thread:482 ] - [ INFO ]  Loading XML bean definitions from file [C:\Users\Administrator\workspace\zb\config\mybatis.xml]
2017-03-10 10:55:28  [ JavaFX Application Thread:543 ] - [ INFO ]  Overriding bean definition for bean 'tableRelationTools' with a different definition: replacing [Generic bean: class [com.iscas.zb.tools.TableRelationTools]; scope=singleton; abstract=false; lazyInit=false; autowireMode=0; dependencyCheck=0; autowireCandidate=true; primary=false; factoryBeanName=null; factoryMethodName=null; initMethodName=null; destroyMethodName=null; defined in file [C:\Users\Administrator\workspace\zb\bin\com\iscas\zb\tools\TableRelationTools.class]] with [Generic bean: class [com.iscas.zb.tools.TableRelationTools]; scope=; abstract=false; lazyInit=false; autowireMode=0; dependencyCheck=0; autowireCandidate=true; primary=false; factoryBeanName=null; factoryMethodName=null; initMethodName=null; destroyMethodName=null; defined in file [C:\Users\Administrator\workspace\zb\config\applicationContext.xml]]
2017-03-10 10:55:28  [ JavaFX Application Thread:544 ] - [ INFO ]  Overriding bean definition for bean 'enToChTools' with a different definition: replacing [Generic bean: class [com.iscas.zb.tools.EnToChTools]; scope=singleton; abstract=false; lazyInit=false; autowireMode=0; dependencyCheck=0; autowireCandidate=true; primary=false; factoryBeanName=null; factoryMethodName=null; initMethodName=null; destroyMethodName=null; defined in file [C:\Users\Administrator\workspace\zb\bin\com\iscas\zb\tools\EnToChTools.class]] with [Generic bean: class [com.iscas.zb.tools.EnToChTools]; scope=; abstract=false; lazyInit=false; autowireMode=0; dependencyCheck=0; autowireCandidate=true; primary=false; factoryBeanName=null; factoryMethodName=null; initMethodName=null; destroyMethodName=null; defined in file [C:\Users\Administrator\workspace\zb\config\applicationContext.xml]]
2017-03-10 10:55:28  [ JavaFX Application Thread:944 ] - [ INFO ]  Loading properties file from file [C:\Users\Administrator\workspace\zb\config\jdbc.properties]
2017-03-10 10:55:29  [ JavaFX Application Thread:2147 ] - [ INFO ]  Using default implementation for ThreadExecutor
2017-03-10 10:55:29  [ JavaFX Application Thread:2166 ] - [ INFO ]  Initialized Scheduler Signaller of type: class org.quartz.core.SchedulerSignalerImpl
2017-03-10 10:55:29  [ JavaFX Application Thread:2166 ] - [ INFO ]  Quartz Scheduler v.2.2.2 created.
2017-03-10 10:55:29  [ JavaFX Application Thread:2167 ] - [ INFO ]  RAMJobStore initialized.
2017-03-10 10:55:29  [ JavaFX Application Thread:2168 ] - [ INFO ]  Scheduler meta-data: Quartz Scheduler (v2.2.2) 'org.springframework.scheduling.quartz.SchedulerFactoryBean#0' with instanceId 'NON_CLUSTERED'
  Scheduler class: 'org.quartz.core.QuartzScheduler' - running locally.
  NOT STARTED.
  Currently in standby mode.
  Number of jobs executed: 0
  Using thread pool 'org.quartz.simpl.SimpleThreadPool' - with 10 threads.
  Using job-store 'org.quartz.simpl.RAMJobStore' - which does not support persistence. and is not clustered.

2017-03-10 10:55:29  [ JavaFX Application Thread:2168 ] - [ INFO ]  Quartz scheduler 'org.springframework.scheduling.quartz.SchedulerFactoryBean#0' initialized from an externally provided properties instance.
2017-03-10 10:55:29  [ JavaFX Application Thread:2168 ] - [ INFO ]  Quartz scheduler version: 2.2.2
2017-03-10 10:55:29  [ JavaFX Application Thread:2169 ] - [ INFO ]  JobFactory set to: org.springframework.scheduling.quartz.AdaptableJobFactory@54c5042f
2017-03-10 10:55:29  [ JavaFX Application Thread:2220 ] - [ INFO ]  Starting beans in phase 2147483647
2017-03-10 10:55:29  [ JavaFX Application Thread:2221 ] - [ INFO ]  Starting Quartz Scheduler now
2017-03-10 10:55:29  [ JavaFX Application Thread:2221 ] - [ INFO ]  Scheduler org.springframework.scheduling.quartz.SchedulerFactoryBean#0_$_NON_CLUSTERED started.
2017-03-10 10:55:29  [ JavaFX Application Thread:2228 ] - [ INFO ]  --spring启动--
2017-03-10 10:55:31  [ Thread-4:4079 ] - [ INFO ]  --开始初始化XML配置--
2017-03-10 10:55:31  [ Thread-4:4116 ] - [ INFO ]  --初始化XML配置结束--
2017-03-10 10:55:32  [ Thread-4:4985 ] - [ INFO ]  --获得JDBC连接--
2017-03-10 11:00:26  [ JavaFX Application Thread:299360 ] - [ INFO ]  --弹出表舰艇部队原型--
2017-03-10 11:00:27  [ Thread-7:300182 ] - [ INFO ]  Loading XML bean definitions from class path resource [org/springframework/jdbc/support/sql-error-codes.xml]
2017-03-10 11:00:27  [ Thread-7:300260 ] - [ INFO ]  SQLErrorCodes loaded: [DB2, Derby, H2, HSQL, Informix, MS-SQL, MySQL, Oracle, PostgreSQL, Sybase, Hana]
2017-03-10 11:00:27  [ JavaFX Application Thread:300281 ] - [ ERROR ]  [Ljava.lang.StackTraceElement;@45915a2a
2017-03-10 11:00:27  [ JavaFX Application Thread:300283 ] - [ ERROR ]  
### Error querying database.  Cause: java.sql.SQLSyntaxErrorException: ORA-00903: 表名无效

### The error may exist in file [C:\Users\Administrator\workspace\zb\bin\com\iscas\zb\mapper\UnEntityMapper.xml]
### The error may involve com.iscas.zb.dao.UnEntityDao.selectDataToList-Inline
### The error occurred while setting parameters
### SQL: select count(*) as total from   where 1 =1
### Cause: java.sql.SQLSyntaxErrorException: ORA-00903: 表名无效

; bad SQL grammar []; nested exception is java.sql.SQLSyntaxErrorException: ORA-00903: 表名无效

2017-03-10 11:03:41  [ JavaFX Application Thread:0 ] - [ INFO ]  Refreshing org.apache.xbean.spring.context.ResourceXmlApplicationContext@64369787: startup date [Fri Mar 10 11:03:41 CST 2017]; root of context hierarchy
2017-03-10 11:03:41  [ JavaFX Application Thread:77 ] - [ INFO ]  Loading XML bean definitions from file [C:\Users\Administrator\workspace\zb\config\applicationContext.xml]
2017-03-10 11:03:41  [ JavaFX Application Thread:447 ] - [ INFO ]  Loading XML bean definitions from file [C:\Users\Administrator\workspace\zb\config\mybatis.xml]
2017-03-10 11:03:41  [ JavaFX Application Thread:512 ] - [ INFO ]  Overriding bean definition for bean 'tableRelationTools' with a different definition: replacing [Generic bean: class [com.iscas.zb.tools.TableRelationTools]; scope=singleton; abstract=false; lazyInit=false; autowireMode=0; dependencyCheck=0; autowireCandidate=true; primary=false; factoryBeanName=null; factoryMethodName=null; initMethodName=null; destroyMethodName=null; defined in file [C:\Users\Administrator\workspace\zb\bin\com\iscas\zb\tools\TableRelationTools.class]] with [Generic bean: class [com.iscas.zb.tools.TableRelationTools]; scope=; abstract=false; lazyInit=false; autowireMode=0; dependencyCheck=0; autowireCandidate=true; primary=false; factoryBeanName=null; factoryMethodName=null; initMethodName=null; destroyMethodName=null; defined in file [C:\Users\Administrator\workspace\zb\config\applicationContext.xml]]
2017-03-10 11:03:41  [ JavaFX Application Thread:514 ] - [ INFO ]  Overriding bean definition for bean 'enToChTools' with a different definition: replacing [Generic bean: class [com.iscas.zb.tools.EnToChTools]; scope=singleton; abstract=false; lazyInit=false; autowireMode=0; dependencyCheck=0; autowireCandidate=true; primary=false; factoryBeanName=null; factoryMethodName=null; initMethodName=null; destroyMethodName=null; defined in file [C:\Users\Administrator\workspace\zb\bin\com\iscas\zb\tools\EnToChTools.class]] with [Generic bean: class [com.iscas.zb.tools.EnToChTools]; scope=; abstract=false; lazyInit=false; autowireMode=0; dependencyCheck=0; autowireCandidate=true; primary=false; factoryBeanName=null; factoryMethodName=null; initMethodName=null; destroyMethodName=null; defined in file [C:\Users\Administrator\workspace\zb\config\applicationContext.xml]]
2017-03-10 11:03:42  [ JavaFX Application Thread:949 ] - [ INFO ]  Loading properties file from file [C:\Users\Administrator\workspace\zb\config\jdbc.properties]
2017-03-10 11:03:43  [ JavaFX Application Thread:2591 ] - [ INFO ]  Using default implementation for ThreadExecutor
2017-03-10 11:03:43  [ JavaFX Application Thread:2604 ] - [ INFO ]  Initialized Scheduler Signaller of type: class org.quartz.core.SchedulerSignalerImpl
2017-03-10 11:03:43  [ JavaFX Application Thread:2605 ] - [ INFO ]  Quartz Scheduler v.2.2.2 created.
2017-03-10 11:03:43  [ JavaFX Application Thread:2606 ] - [ INFO ]  RAMJobStore initialized.
2017-03-10 11:03:43  [ JavaFX Application Thread:2607 ] - [ INFO ]  Scheduler meta-data: Quartz Scheduler (v2.2.2) 'org.springframework.scheduling.quartz.SchedulerFactoryBean#0' with instanceId 'NON_CLUSTERED'
  Scheduler class: 'org.quartz.core.QuartzScheduler' - running locally.
  NOT STARTED.
  Currently in standby mode.
  Number of jobs executed: 0
  Using thread pool 'org.quartz.simpl.SimpleThreadPool' - with 10 threads.
  Using job-store 'org.quartz.simpl.RAMJobStore' - which does not support persistence. and is not clustered.

2017-03-10 11:03:43  [ JavaFX Application Thread:2607 ] - [ INFO ]  Quartz scheduler 'org.springframework.scheduling.quartz.SchedulerFactoryBean#0' initialized from an externally provided properties instance.
2017-03-10 11:03:43  [ JavaFX Application Thread:2607 ] - [ INFO ]  Quartz scheduler version: 2.2.2
2017-03-10 11:03:43  [ JavaFX Application Thread:2608 ] - [ INFO ]  JobFactory set to: org.springframework.scheduling.quartz.AdaptableJobFactory@51ce79bf
2017-03-10 11:03:43  [ JavaFX Application Thread:2670 ] - [ INFO ]  Starting beans in phase 2147483647
2017-03-10 11:03:43  [ JavaFX Application Thread:2670 ] - [ INFO ]  Starting Quartz Scheduler now
2017-03-10 11:03:43  [ JavaFX Application Thread:2671 ] - [ INFO ]  Scheduler org.springframework.scheduling.quartz.SchedulerFactoryBean#0_$_NON_CLUSTERED started.
2017-03-10 11:03:43  [ JavaFX Application Thread:2687 ] - [ INFO ]  --spring启动--
2017-03-10 11:03:45  [ Thread-4:4684 ] - [ INFO ]  --开始初始化XML配置--
2017-03-10 11:03:45  [ Thread-4:4719 ] - [ INFO ]  --初始化XML配置结束--
2017-03-10 11:03:46  [ Thread-4:5529 ] - [ INFO ]  --获得JDBC连接--
2017-03-10 11:07:13  [ JavaFX Application Thread:0 ] - [ INFO ]  Refreshing org.apache.xbean.spring.context.ResourceXmlApplicationContext@574718ca: startup date [Fri Mar 10 11:07:13 CST 2017]; root of context hierarchy
2017-03-10 11:07:13  [ JavaFX Application Thread:115 ] - [ INFO ]  Loading XML bean definitions from file [C:\Users\Administrator\workspace\zb\config\applicationContext.xml]
2017-03-10 11:07:13  [ JavaFX Application Thread:521 ] - [ INFO ]  Loading XML bean definitions from file [C:\Users\Administrator\workspace\zb\config\mybatis.xml]
2017-03-10 11:07:13  [ JavaFX Application Thread:586 ] - [ INFO ]  Overriding bean definition for bean 'tableRelationTools' with a different definition: replacing [Generic bean: class [com.iscas.zb.tools.TableRelationTools]; scope=singleton; abstract=false; lazyInit=false; autowireMode=0; dependencyCheck=0; autowireCandidate=true; primary=false; factoryBeanName=null; factoryMethodName=null; initMethodName=null; destroyMethodName=null; defined in file [C:\Users\Administrator\workspace\zb\bin\com\iscas\zb\tools\TableRelationTools.class]] with [Generic bean: class [com.iscas.zb.tools.TableRelationTools]; scope=; abstract=false; lazyInit=false; autowireMode=0; dependencyCheck=0; autowireCandidate=true; primary=false; factoryBeanName=null; factoryMethodName=null; initMethodName=null; destroyMethodName=null; defined in file [C:\Users\Administrator\workspace\zb\config\applicationContext.xml]]
2017-03-10 11:07:13  [ JavaFX Application Thread:587 ] - [ INFO ]  Overriding bean definition for bean 'enToChTools' with a different definition: replacing [Generic bean: class [com.iscas.zb.tools.EnToChTools]; scope=singleton; abstract=false; lazyInit=false; autowireMode=0; dependencyCheck=0; autowireCandidate=true; primary=false; factoryBeanName=null; factoryMethodName=null; initMethodName=null; destroyMethodName=null; defined in file [C:\Users\Administrator\workspace\zb\bin\com\iscas\zb\tools\EnToChTools.class]] with [Generic bean: class [com.iscas.zb.tools.EnToChTools]; scope=; abstract=false; lazyInit=false; autowireMode=0; dependencyCheck=0; autowireCandidate=true; primary=false; factoryBeanName=null; factoryMethodName=null; initMethodName=null; destroyMethodName=null; defined in file [C:\Users\Administrator\workspace\zb\config\applicationContext.xml]]
2017-03-10 11:07:14  [ JavaFX Application Thread:972 ] - [ INFO ]  Loading properties file from file [C:\Users\Administrator\workspace\zb\config\jdbc.properties]
2017-03-10 11:07:15  [ JavaFX Application Thread:2169 ] - [ INFO ]  Using default implementation for ThreadExecutor
2017-03-10 11:07:15  [ JavaFX Application Thread:2186 ] - [ INFO ]  Initialized Scheduler Signaller of type: class org.quartz.core.SchedulerSignalerImpl
2017-03-10 11:07:15  [ JavaFX Application Thread:2186 ] - [ INFO ]  Quartz Scheduler v.2.2.2 created.
2017-03-10 11:07:15  [ JavaFX Application Thread:2187 ] - [ INFO ]  RAMJobStore initialized.
2017-03-10 11:07:15  [ JavaFX Application Thread:2188 ] - [ INFO ]  Scheduler meta-data: Quartz Scheduler (v2.2.2) 'org.springframework.scheduling.quartz.SchedulerFactoryBean#0' with instanceId 'NON_CLUSTERED'
  Scheduler class: 'org.quartz.core.QuartzScheduler' - running locally.
  NOT STARTED.
  Currently in standby mode.
  Number of jobs executed: 0
  Using thread pool 'org.quartz.simpl.SimpleThreadPool' - with 10 threads.
  Using job-store 'org.quartz.simpl.RAMJobStore' - which does not support persistence. and is not clustered.

2017-03-10 11:07:15  [ JavaFX Application Thread:2189 ] - [ INFO ]  Quartz scheduler 'org.springframework.scheduling.quartz.SchedulerFactoryBean#0' initialized from an externally provided properties instance.
2017-03-10 11:07:15  [ JavaFX Application Thread:2189 ] - [ INFO ]  Quartz scheduler version: 2.2.2
2017-03-10 11:07:15  [ JavaFX Application Thread:2190 ] - [ INFO ]  JobFactory set to: org.springframework.scheduling.quartz.AdaptableJobFactory@3e9be649
2017-03-10 11:07:15  [ JavaFX Application Thread:2236 ] - [ INFO ]  Starting beans in phase 2147483647
2017-03-10 11:07:15  [ JavaFX Application Thread:2237 ] - [ INFO ]  Starting Quartz Scheduler now
2017-03-10 11:07:15  [ JavaFX Application Thread:2237 ] - [ INFO ]  Scheduler org.springframework.scheduling.quartz.SchedulerFactoryBean#0_$_NON_CLUSTERED started.
2017-03-10 11:07:15  [ JavaFX Application Thread:2244 ] - [ INFO ]  --spring启动--
2017-03-10 11:07:17  [ Thread-4:4161 ] - [ INFO ]  --开始初始化XML配置--
2017-03-10 11:07:17  [ Thread-4:4204 ] - [ INFO ]  --初始化XML配置结束--
2017-03-10 11:07:18  [ Thread-4:5202 ] - [ INFO ]  --获得JDBC连接--
2017-03-10 11:07:33  [ JavaFX Application Thread:20208 ] - [ INFO ]  --弹出表交战方--
2017-03-10 11:07:33  [ Thread-7:20221 ] - [ INFO ]  Loading XML bean definitions from class path resource [org/springframework/jdbc/support/sql-error-codes.xml]
2017-03-10 11:07:33  [ Thread-7:20322 ] - [ INFO ]  SQLErrorCodes loaded: [DB2, Derby, H2, HSQL, Informix, MS-SQL, MySQL, Oracle, PostgreSQL, Sybase, Hana]
2017-03-10 11:07:33  [ JavaFX Application Thread:20428 ] - [ ERROR ]  [Ljava.lang.StackTraceElement;@14ae462
2017-03-10 11:07:33  [ JavaFX Application Thread:20429 ] - [ ERROR ]  
### Error querying database.  Cause: java.sql.SQLSyntaxErrorException: ORA-00903: 表名无效

### The error may exist in file [C:\Users\Administrator\workspace\zb\bin\com\iscas\zb\mapper\UnEntityMapper.xml]
### The error may involve com.iscas.zb.dao.UnEntityDao.selectDataToList-Inline
### The error occurred while setting parameters
### SQL: select count(*) as total from   where 1 =1
### Cause: java.sql.SQLSyntaxErrorException: ORA-00903: 表名无效

; bad SQL grammar []; nested exception is java.sql.SQLSyntaxErrorException: ORA-00903: 表名无效

2017-03-10 11:12:12  [ JavaFX Application Thread:0 ] - [ INFO ]  Refreshing org.apache.xbean.spring.context.ResourceXmlApplicationContext@270c413a: startup date [Fri Mar 10 11:12:12 CST 2017]; root of context hierarchy
2017-03-10 11:12:12  [ JavaFX Application Thread:76 ] - [ INFO ]  Loading XML bean definitions from file [C:\Users\Administrator\workspace\zb\config\applicationContext.xml]
2017-03-10 11:12:12  [ JavaFX Application Thread:477 ] - [ INFO ]  Loading XML bean definitions from file [C:\Users\Administrator\workspace\zb\config\mybatis.xml]
2017-03-10 11:12:12  [ JavaFX Application Thread:544 ] - [ INFO ]  Overriding bean definition for bean 'tableRelationTools' with a different definition: replacing [Generic bean: class [com.iscas.zb.tools.TableRelationTools]; scope=singleton; abstract=false; lazyInit=false; autowireMode=0; dependencyCheck=0; autowireCandidate=true; primary=false; factoryBeanName=null; factoryMethodName=null; initMethodName=null; destroyMethodName=null; defined in file [C:\Users\Administrator\workspace\zb\bin\com\iscas\zb\tools\TableRelationTools.class]] with [Generic bean: class [com.iscas.zb.tools.TableRelationTools]; scope=; abstract=false; lazyInit=false; autowireMode=0; dependencyCheck=0; autowireCandidate=true; primary=false; factoryBeanName=null; factoryMethodName=null; initMethodName=null; destroyMethodName=null; defined in file [C:\Users\Administrator\workspace\zb\config\applicationContext.xml]]
2017-03-10 11:12:12  [ JavaFX Application Thread:545 ] - [ INFO ]  Overriding bean definition for bean 'enToChTools' with a different definition: replacing [Generic bean: class [com.iscas.zb.tools.EnToChTools]; scope=singleton; abstract=false; lazyInit=false; autowireMode=0; dependencyCheck=0; autowireCandidate=true; primary=false; factoryBeanName=null; factoryMethodName=null; initMethodName=null; destroyMethodName=null; defined in file [C:\Users\Administrator\workspace\zb\bin\com\iscas\zb\tools\EnToChTools.class]] with [Generic bean: class [com.iscas.zb.tools.EnToChTools]; scope=; abstract=false; lazyInit=false; autowireMode=0; dependencyCheck=0; autowireCandidate=true; primary=false; factoryBeanName=null; factoryMethodName=null; initMethodName=null; destroyMethodName=null; defined in file [C:\Users\Administrator\workspace\zb\config\applicationContext.xml]]
2017-03-10 11:12:13  [ JavaFX Application Thread:949 ] - [ INFO ]  Loading properties file from file [C:\Users\Administrator\workspace\zb\config\jdbc.properties]
2017-03-10 11:12:21  [ JavaFX Application Thread:8862 ] - [ INFO ]  Using default implementation for ThreadExecutor
2017-03-10 11:12:21  [ JavaFX Application Thread:8893 ] - [ INFO ]  Initialized Scheduler Signaller of type: class org.quartz.core.SchedulerSignalerImpl
2017-03-10 11:12:21  [ JavaFX Application Thread:8894 ] - [ INFO ]  Quartz Scheduler v.2.2.2 created.
2017-03-10 11:12:21  [ JavaFX Application Thread:8898 ] - [ INFO ]  RAMJobStore initialized.
2017-03-10 11:12:21  [ JavaFX Application Thread:8900 ] - [ INFO ]  Scheduler meta-data: Quartz Scheduler (v2.2.2) 'org.springframework.scheduling.quartz.SchedulerFactoryBean#0' with instanceId 'NON_CLUSTERED'
  Scheduler class: 'org.quartz.core.QuartzScheduler' - running locally.
  NOT STARTED.
  Currently in standby mode.
  Number of jobs executed: 0
  Using thread pool 'org.quartz.simpl.SimpleThreadPool' - with 10 threads.
  Using job-store 'org.quartz.simpl.RAMJobStore' - which does not support persistence. and is not clustered.

2017-03-10 11:12:21  [ JavaFX Application Thread:8901 ] - [ INFO ]  Quartz scheduler 'org.springframework.scheduling.quartz.SchedulerFactoryBean#0' initialized from an externally provided properties instance.
2017-03-10 11:12:21  [ JavaFX Application Thread:8901 ] - [ INFO ]  Quartz scheduler version: 2.2.2
2017-03-10 11:12:21  [ JavaFX Application Thread:8904 ] - [ INFO ]  JobFactory set to: org.springframework.scheduling.quartz.AdaptableJobFactory@4e4a532c
2017-03-10 11:12:21  [ JavaFX Application Thread:9007 ] - [ INFO ]  Starting beans in phase 2147483647
2017-03-10 11:12:21  [ JavaFX Application Thread:9008 ] - [ INFO ]  Starting Quartz Scheduler now
2017-03-10 11:12:21  [ JavaFX Application Thread:9008 ] - [ INFO ]  Scheduler org.springframework.scheduling.quartz.SchedulerFactoryBean#0_$_NON_CLUSTERED started.
2017-03-10 11:12:21  [ JavaFX Application Thread:9016 ] - [ INFO ]  --spring启动--
2017-03-10 11:12:34  [ Thread-4:22528 ] - [ INFO ]  --开始初始化XML配置--
2017-03-10 11:12:34  [ Thread-4:22572 ] - [ INFO ]  --初始化XML配置结束--
2017-03-10 11:12:35  [ Thread-4:23528 ] - [ INFO ]  --获得JDBC连接--
2017-03-10 11:15:55  [ JavaFX Application Thread:0 ] - [ INFO ]  Refreshing org.apache.xbean.spring.context.ResourceXmlApplicationContext@574718ca: startup date [Fri Mar 10 11:15:55 CST 2017]; root of context hierarchy
2017-03-10 11:15:56  [ JavaFX Application Thread:82 ] - [ INFO ]  Loading XML bean definitions from file [C:\Users\Administrator\workspace\zb\config\applicationContext.xml]
2017-03-10 11:15:56  [ JavaFX Application Thread:498 ] - [ INFO ]  Loading XML bean definitions from file [C:\Users\Administrator\workspace\zb\config\mybatis.xml]
2017-03-10 11:15:56  [ JavaFX Application Thread:557 ] - [ INFO ]  Overriding bean definition for bean 'tableRelationTools' with a different definition: replacing [Generic bean: class [com.iscas.zb.tools.TableRelationTools]; scope=singleton; abstract=false; lazyInit=false; autowireMode=0; dependencyCheck=0; autowireCandidate=true; primary=false; factoryBeanName=null; factoryMethodName=null; initMethodName=null; destroyMethodName=null; defined in file [C:\Users\Administrator\workspace\zb\bin\com\iscas\zb\tools\TableRelationTools.class]] with [Generic bean: class [com.iscas.zb.tools.TableRelationTools]; scope=; abstract=false; lazyInit=false; autowireMode=0; dependencyCheck=0; autowireCandidate=true; primary=false; factoryBeanName=null; factoryMethodName=null; initMethodName=null; destroyMethodName=null; defined in file [C:\Users\Administrator\workspace\zb\config\applicationContext.xml]]
2017-03-10 11:15:56  [ JavaFX Application Thread:558 ] - [ INFO ]  Overriding bean definition for bean 'enToChTools' with a different definition: replacing [Generic bean: class [com.iscas.zb.tools.EnToChTools]; scope=singleton; abstract=false; lazyInit=false; autowireMode=0; dependencyCheck=0; autowireCandidate=true; primary=false; factoryBeanName=null; factoryMethodName=null; initMethodName=null; destroyMethodName=null; defined in file [C:\Users\Administrator\workspace\zb\bin\com\iscas\zb\tools\EnToChTools.class]] with [Generic bean: class [com.iscas.zb.tools.EnToChTools]; scope=; abstract=false; lazyInit=false; autowireMode=0; dependencyCheck=0; autowireCandidate=true; primary=false; factoryBeanName=null; factoryMethodName=null; initMethodName=null; destroyMethodName=null; defined in file [C:\Users\Administrator\workspace\zb\config\applicationContext.xml]]
2017-03-10 11:15:56  [ JavaFX Application Thread:920 ] - [ INFO ]  Loading properties file from file [C:\Users\Administrator\workspace\zb\config\jdbc.properties]
2017-03-10 11:15:58  [ JavaFX Application Thread:2109 ] - [ INFO ]  Using default implementation for ThreadExecutor
2017-03-10 11:15:58  [ JavaFX Application Thread:2122 ] - [ INFO ]  Initialized Scheduler Signaller of type: class org.quartz.core.SchedulerSignalerImpl
2017-03-10 11:15:58  [ JavaFX Application Thread:2122 ] - [ INFO ]  Quartz Scheduler v.2.2.2 created.
2017-03-10 11:15:58  [ JavaFX Application Thread:2123 ] - [ INFO ]  RAMJobStore initialized.
2017-03-10 11:15:58  [ JavaFX Application Thread:2124 ] - [ INFO ]  Scheduler meta-data: Quartz Scheduler (v2.2.2) 'org.springframework.scheduling.quartz.SchedulerFactoryBean#0' with instanceId 'NON_CLUSTERED'
  Scheduler class: 'org.quartz.core.QuartzScheduler' - running locally.
  NOT STARTED.
  Currently in standby mode.
  Number of jobs executed: 0
  Using thread pool 'org.quartz.simpl.SimpleThreadPool' - with 10 threads.
  Using job-store 'org.quartz.simpl.RAMJobStore' - which does not support persistence. and is not clustered.

2017-03-10 11:15:58  [ JavaFX Application Thread:2125 ] - [ INFO ]  Quartz scheduler 'org.springframework.scheduling.quartz.SchedulerFactoryBean#0' initialized from an externally provided properties instance.
2017-03-10 11:15:58  [ JavaFX Application Thread:2125 ] - [ INFO ]  Quartz scheduler version: 2.2.2
2017-03-10 11:15:58  [ JavaFX Application Thread:2126 ] - [ INFO ]  JobFactory set to: org.springframework.scheduling.quartz.AdaptableJobFactory@15fcc6c6
2017-03-10 11:15:58  [ JavaFX Application Thread:2173 ] - [ INFO ]  Starting beans in phase 2147483647
2017-03-10 11:15:58  [ JavaFX Application Thread:2173 ] - [ INFO ]  Starting Quartz Scheduler now
2017-03-10 11:15:58  [ JavaFX Application Thread:2174 ] - [ INFO ]  Scheduler org.springframework.scheduling.quartz.SchedulerFactoryBean#0_$_NON_CLUSTERED started.
2017-03-10 11:15:58  [ JavaFX Application Thread:2179 ] - [ INFO ]  --spring启动--
2017-03-10 11:15:59  [ Thread-4:3748 ] - [ INFO ]  --开始初始化XML配置--
2017-03-10 11:15:59  [ Thread-4:3778 ] - [ INFO ]  --初始化XML配置结束--
2017-03-10 11:16:00  [ Thread-4:4663 ] - [ INFO ]  --获得JDBC连接--
2017-03-10 11:16:04  [ JavaFX Application Thread:8710 ] - [ INFO ]  --弹出表想定事件时间--
2017-03-10 11:16:17  [ JavaFX Application Thread:21644 ] - [ INFO ]  --弹出表特殊战斗力系统分配--
2017-03-10 11:16:17  [ Thread-8:21745 ] - [ INFO ]  Loading XML bean definitions from class path resource [org/springframework/jdbc/support/sql-error-codes.xml]
2017-03-10 11:16:17  [ Thread-8:21800 ] - [ INFO ]  SQLErrorCodes loaded: [DB2, Derby, H2, HSQL, Informix, MS-SQL, MySQL, Oracle, PostgreSQL, Sybase, Hana]
2017-03-10 11:16:17  [ JavaFX Application Thread:21829 ] - [ ERROR ]  [Ljava.lang.StackTraceElement;@15f35588
2017-03-10 11:16:17  [ JavaFX Application Thread:21829 ] - [ ERROR ]  
### Error querying database.  Cause: java.sql.SQLSyntaxErrorException: ORA-00903: 表名无效

### The error may exist in file [C:\Users\Administrator\workspace\zb\bin\com\iscas\zb\mapper\UnEntityMapper.xml]
### The error may involve com.iscas.zb.dao.UnEntityDao.selectDataToList-Inline
### The error occurred while setting parameters
### SQL: select count(*) as total from   where 1 =1
### Cause: java.sql.SQLSyntaxErrorException: ORA-00903: 表名无效

; bad SQL grammar []; nested exception is java.sql.SQLSyntaxErrorException: ORA-00903: 表名无效

2017-03-10 11:20:30  [ JavaFX Application Thread:0 ] - [ INFO ]  Refreshing org.apache.xbean.spring.context.ResourceXmlApplicationContext@574718ca: startup date [Fri Mar 10 11:20:30 CST 2017]; root of context hierarchy
2017-03-10 11:20:30  [ JavaFX Application Thread:73 ] - [ INFO ]  Loading XML bean definitions from file [C:\Users\Administrator\workspace\zb\config\applicationContext.xml]
2017-03-10 11:20:31  [ JavaFX Application Thread:477 ] - [ INFO ]  Loading XML bean definitions from file [C:\Users\Administrator\workspace\zb\config\mybatis.xml]
2017-03-10 11:20:31  [ JavaFX Application Thread:527 ] - [ INFO ]  Overriding bean definition for bean 'tableRelationTools' with a different definition: replacing [Generic bean: class [com.iscas.zb.tools.TableRelationTools]; scope=singleton; abstract=false; lazyInit=false; autowireMode=0; dependencyCheck=0; autowireCandidate=true; primary=false; factoryBeanName=null; factoryMethodName=null; initMethodName=null; destroyMethodName=null; defined in file [C:\Users\Administrator\workspace\zb\bin\com\iscas\zb\tools\TableRelationTools.class]] with [Generic bean: class [com.iscas.zb.tools.TableRelationTools]; scope=; abstract=false; lazyInit=false; autowireMode=0; dependencyCheck=0; autowireCandidate=true; primary=false; factoryBeanName=null; factoryMethodName=null; initMethodName=null; destroyMethodName=null; defined in file [C:\Users\Administrator\workspace\zb\config\applicationContext.xml]]
2017-03-10 11:20:31  [ JavaFX Application Thread:528 ] - [ INFO ]  Overriding bean definition for bean 'enToChTools' with a different definition: replacing [Generic bean: class [com.iscas.zb.tools.EnToChTools]; scope=singleton; abstract=false; lazyInit=false; autowireMode=0; dependencyCheck=0; autowireCandidate=true; primary=false; factoryBeanName=null; factoryMethodName=null; initMethodName=null; destroyMethodName=null; defined in file [C:\Users\Administrator\workspace\zb\bin\com\iscas\zb\tools\EnToChTools.class]] with [Generic bean: class [com.iscas.zb.tools.EnToChTools]; scope=; abstract=false; lazyInit=false; autowireMode=0; dependencyCheck=0; autowireCandidate=true; primary=false; factoryBeanName=null; factoryMethodName=null; initMethodName=null; destroyMethodName=null; defined in file [C:\Users\Administrator\workspace\zb\config\applicationContext.xml]]
2017-03-10 11:20:31  [ JavaFX Application Thread:912 ] - [ INFO ]  Loading properties file from file [C:\Users\Administrator\workspace\zb\config\jdbc.properties]
2017-03-10 11:20:32  [ JavaFX Application Thread:2205 ] - [ INFO ]  Using default implementation for ThreadExecutor
2017-03-10 11:20:32  [ JavaFX Application Thread:2229 ] - [ INFO ]  Initialized Scheduler Signaller of type: class org.quartz.core.SchedulerSignalerImpl
2017-03-10 11:20:32  [ JavaFX Application Thread:2230 ] - [ INFO ]  Quartz Scheduler v.2.2.2 created.
2017-03-10 11:20:32  [ JavaFX Application Thread:2232 ] - [ INFO ]  RAMJobStore initialized.
2017-03-10 11:20:32  [ JavaFX Application Thread:2234 ] - [ INFO ]  Scheduler meta-data: Quartz Scheduler (v2.2.2) 'org.springframework.scheduling.quartz.SchedulerFactoryBean#0' with instanceId 'NON_CLUSTERED'
  Scheduler class: 'org.quartz.core.QuartzScheduler' - running locally.
  NOT STARTED.
  Currently in standby mode.
  Number of jobs executed: 0
  Using thread pool 'org.quartz.simpl.SimpleThreadPool' - with 10 threads.
  Using job-store 'org.quartz.simpl.RAMJobStore' - which does not support persistence. and is not clustered.

2017-03-10 11:20:32  [ JavaFX Application Thread:2235 ] - [ INFO ]  Quartz scheduler 'org.springframework.scheduling.quartz.SchedulerFactoryBean#0' initialized from an externally provided properties instance.
2017-03-10 11:20:32  [ JavaFX Application Thread:2235 ] - [ INFO ]  Quartz scheduler version: 2.2.2
2017-03-10 11:20:32  [ JavaFX Application Thread:2238 ] - [ INFO ]  JobFactory set to: org.springframework.scheduling.quartz.AdaptableJobFactory@15fcc6c6
2017-03-10 11:20:32  [ JavaFX Application Thread:2318 ] - [ INFO ]  Starting beans in phase 2147483647
2017-03-10 11:20:32  [ JavaFX Application Thread:2318 ] - [ INFO ]  Starting Quartz Scheduler now
2017-03-10 11:20:32  [ JavaFX Application Thread:2319 ] - [ INFO ]  Scheduler org.springframework.scheduling.quartz.SchedulerFactoryBean#0_$_NON_CLUSTERED started.
2017-03-10 11:20:32  [ JavaFX Application Thread:2326 ] - [ INFO ]  --spring启动--
2017-03-10 11:20:34  [ Thread-4:4296 ] - [ INFO ]  --开始初始化XML配置--
2017-03-10 11:20:34  [ Thread-4:4340 ] - [ INFO ]  --初始化XML配置结束--
2017-03-10 11:20:35  [ Thread-4:5274 ] - [ INFO ]  --获得JDBC连接--
2017-03-10 11:22:18  [ JavaFX Application Thread:1 ] - [ INFO ]  Refreshing org.apache.xbean.spring.context.ResourceXmlApplicationContext@64369787: startup date [Fri Mar 10 11:22:18 CST 2017]; root of context hierarchy
2017-03-10 11:22:18  [ JavaFX Application Thread:86 ] - [ INFO ]  Loading XML bean definitions from file [C:\Users\Administrator\workspace\zb\config\applicationContext.xml]
2017-03-10 11:22:19  [ JavaFX Application Thread:453 ] - [ INFO ]  Loading XML bean definitions from file [C:\Users\Administrator\workspace\zb\config\mybatis.xml]
2017-03-10 11:22:19  [ JavaFX Application Thread:515 ] - [ INFO ]  Overriding bean definition for bean 'tableRelationTools' with a different definition: replacing [Generic bean: class [com.iscas.zb.tools.TableRelationTools]; scope=singleton; abstract=false; lazyInit=false; autowireMode=0; dependencyCheck=0; autowireCandidate=true; primary=false; factoryBeanName=null; factoryMethodName=null; initMethodName=null; destroyMethodName=null; defined in file [C:\Users\Administrator\workspace\zb\bin\com\iscas\zb\tools\TableRelationTools.class]] with [Generic bean: class [com.iscas.zb.tools.TableRelationTools]; scope=; abstract=false; lazyInit=false; autowireMode=0; dependencyCheck=0; autowireCandidate=true; primary=false; factoryBeanName=null; factoryMethodName=null; initMethodName=null; destroyMethodName=null; defined in file [C:\Users\Administrator\workspace\zb\config\applicationContext.xml]]
2017-03-10 11:22:19  [ JavaFX Application Thread:516 ] - [ INFO ]  Overriding bean definition for bean 'enToChTools' with a different definition: replacing [Generic bean: class [com.iscas.zb.tools.EnToChTools]; scope=singleton; abstract=false; lazyInit=false; autowireMode=0; dependencyCheck=0; autowireCandidate=true; primary=false; factoryBeanName=null; factoryMethodName=null; initMethodName=null; destroyMethodName=null; defined in file [C:\Users\Administrator\workspace\zb\bin\com\iscas\zb\tools\EnToChTools.class]] with [Generic bean: class [com.iscas.zb.tools.EnToChTools]; scope=; abstract=false; lazyInit=false; autowireMode=0; dependencyCheck=0; autowireCandidate=true; primary=false; factoryBeanName=null; factoryMethodName=null; initMethodName=null; destroyMethodName=null; defined in file [C:\Users\Administrator\workspace\zb\config\applicationContext.xml]]
2017-03-10 11:22:19  [ JavaFX Application Thread:871 ] - [ INFO ]  Loading properties file from file [C:\Users\Administrator\workspace\zb\config\jdbc.properties]
2017-03-10 11:22:20  [ JavaFX Application Thread:2136 ] - [ INFO ]  Using default implementation for ThreadExecutor
2017-03-10 11:22:20  [ JavaFX Application Thread:2150 ] - [ INFO ]  Initialized Scheduler Signaller of type: class org.quartz.core.SchedulerSignalerImpl
2017-03-10 11:22:20  [ JavaFX Application Thread:2151 ] - [ INFO ]  Quartz Scheduler v.2.2.2 created.
2017-03-10 11:22:20  [ JavaFX Application Thread:2152 ] - [ INFO ]  RAMJobStore initialized.
2017-03-10 11:22:20  [ JavaFX Application Thread:2153 ] - [ INFO ]  Scheduler meta-data: Quartz Scheduler (v2.2.2) 'org.springframework.scheduling.quartz.SchedulerFactoryBean#0' with instanceId 'NON_CLUSTERED'
  Scheduler class: 'org.quartz.core.QuartzScheduler' - running locally.
  NOT STARTED.
  Currently in standby mode.
  Number of jobs executed: 0
  Using thread pool 'org.quartz.simpl.SimpleThreadPool' - with 10 threads.
  Using job-store 'org.quartz.simpl.RAMJobStore' - which does not support persistence. and is not clustered.

2017-03-10 11:22:20  [ JavaFX Application Thread:2153 ] - [ INFO ]  Quartz scheduler 'org.springframework.scheduling.quartz.SchedulerFactoryBean#0' initialized from an externally provided properties instance.
2017-03-10 11:22:20  [ JavaFX Application Thread:2153 ] - [ INFO ]  Quartz scheduler version: 2.2.2
2017-03-10 11:22:20  [ JavaFX Application Thread:2154 ] - [ INFO ]  JobFactory set to: org.springframework.scheduling.quartz.AdaptableJobFactory@46c069a3
2017-03-10 11:22:20  [ JavaFX Application Thread:2204 ] - [ INFO ]  Starting beans in phase 2147483647
2017-03-10 11:22:20  [ JavaFX Application Thread:2205 ] - [ INFO ]  Starting Quartz Scheduler now
2017-03-10 11:22:20  [ JavaFX Application Thread:2205 ] - [ INFO ]  Scheduler org.springframework.scheduling.quartz.SchedulerFactoryBean#0_$_NON_CLUSTERED started.
2017-03-10 11:22:20  [ JavaFX Application Thread:2211 ] - [ INFO ]  --spring启动--
2017-03-10 11:22:22  [ Thread-4:4108 ] - [ INFO ]  --开始初始化XML配置--
2017-03-10 11:22:22  [ Thread-4:4150 ] - [ INFO ]  --初始化XML配置结束--
2017-03-10 11:22:23  [ Thread-4:4991 ] - [ INFO ]  --获得JDBC连接--
2017-03-10 11:22:38  [ JavaFX Application Thread:0 ] - [ INFO ]  Refreshing org.apache.xbean.spring.context.ResourceXmlApplicationContext@574718ca: startup date [Fri Mar 10 11:22:38 CST 2017]; root of context hierarchy
2017-03-10 11:22:38  [ JavaFX Application Thread:77 ] - [ INFO ]  Loading XML bean definitions from file [C:\Users\Administrator\workspace\zb\config\applicationContext.xml]
2017-03-10 11:22:38  [ JavaFX Application Thread:468 ] - [ INFO ]  Loading XML bean definitions from file [C:\Users\Administrator\workspace\zb\config\mybatis.xml]
2017-03-10 11:22:38  [ JavaFX Application Thread:552 ] - [ INFO ]  Overriding bean definition for bean 'tableRelationTools' with a different definition: replacing [Generic bean: class [com.iscas.zb.tools.TableRelationTools]; scope=singleton; abstract=false; lazyInit=false; autowireMode=0; dependencyCheck=0; autowireCandidate=true; primary=false; factoryBeanName=null; factoryMethodName=null; initMethodName=null; destroyMethodName=null; defined in file [C:\Users\Administrator\workspace\zb\bin\com\iscas\zb\tools\TableRelationTools.class]] with [Generic bean: class [com.iscas.zb.tools.TableRelationTools]; scope=; abstract=false; lazyInit=false; autowireMode=0; dependencyCheck=0; autowireCandidate=true; primary=false; factoryBeanName=null; factoryMethodName=null; initMethodName=null; destroyMethodName=null; defined in file [C:\Users\Administrator\workspace\zb\config\applicationContext.xml]]
2017-03-10 11:22:38  [ JavaFX Application Thread:553 ] - [ INFO ]  Overriding bean definition for bean 'enToChTools' with a different definition: replacing [Generic bean: class [com.iscas.zb.tools.EnToChTools]; scope=singleton; abstract=false; lazyInit=false; autowireMode=0; dependencyCheck=0; autowireCandidate=true; primary=false; factoryBeanName=null; factoryMethodName=null; initMethodName=null; destroyMethodName=null; defined in file [C:\Users\Administrator\workspace\zb\bin\com\iscas\zb\tools\EnToChTools.class]] with [Generic bean: class [com.iscas.zb.tools.EnToChTools]; scope=; abstract=false; lazyInit=false; autowireMode=0; dependencyCheck=0; autowireCandidate=true; primary=false; factoryBeanName=null; factoryMethodName=null; initMethodName=null; destroyMethodName=null; defined in file [C:\Users\Administrator\workspace\zb\config\applicationContext.xml]]
2017-03-10 11:22:39  [ JavaFX Application Thread:953 ] - [ INFO ]  Loading properties file from file [C:\Users\Administrator\workspace\zb\config\jdbc.properties]
2017-03-10 11:22:40  [ JavaFX Application Thread:2171 ] - [ INFO ]  Using default implementation for ThreadExecutor
2017-03-10 11:22:40  [ JavaFX Application Thread:2189 ] - [ INFO ]  Initialized Scheduler Signaller of type: class org.quartz.core.SchedulerSignalerImpl
2017-03-10 11:22:40  [ JavaFX Application Thread:2190 ] - [ INFO ]  Quartz Scheduler v.2.2.2 created.
2017-03-10 11:22:40  [ JavaFX Application Thread:2192 ] - [ INFO ]  RAMJobStore initialized.
2017-03-10 11:22:40  [ JavaFX Application Thread:2193 ] - [ INFO ]  Scheduler meta-data: Quartz Scheduler (v2.2.2) 'org.springframework.scheduling.quartz.SchedulerFactoryBean#0' with instanceId 'NON_CLUSTERED'
  Scheduler class: 'org.quartz.core.QuartzScheduler' - running locally.
  NOT STARTED.
  Currently in standby mode.
  Number of jobs executed: 0
  Using thread pool 'org.quartz.simpl.SimpleThreadPool' - with 10 threads.
  Using job-store 'org.quartz.simpl.RAMJobStore' - which does not support persistence. and is not clustered.

2017-03-10 11:22:40  [ JavaFX Application Thread:2193 ] - [ INFO ]  Quartz scheduler 'org.springframework.scheduling.quartz.SchedulerFactoryBean#0' initialized from an externally provided properties instance.
2017-03-10 11:22:40  [ JavaFX Application Thread:2193 ] - [ INFO ]  Quartz scheduler version: 2.2.2
2017-03-10 11:22:40  [ JavaFX Application Thread:2195 ] - [ INFO ]  JobFactory set to: org.springframework.scheduling.quartz.AdaptableJobFactory@35e91ae8
2017-03-10 11:22:40  [ JavaFX Application Thread:2253 ] - [ INFO ]  Starting beans in phase 2147483647
2017-03-10 11:22:40  [ JavaFX Application Thread:2253 ] - [ INFO ]  Starting Quartz Scheduler now
2017-03-10 11:22:40  [ JavaFX Application Thread:2254 ] - [ INFO ]  Scheduler org.springframework.scheduling.quartz.SchedulerFactoryBean#0_$_NON_CLUSTERED started.
2017-03-10 11:22:40  [ JavaFX Application Thread:2261 ] - [ INFO ]  --spring启动--
2017-03-10 11:22:42  [ Thread-4:3860 ] - [ INFO ]  --开始初始化XML配置--
2017-03-10 11:22:42  [ Thread-4:3899 ] - [ INFO ]  --初始化XML配置结束--
2017-03-10 11:22:42  [ Thread-4:4742 ] - [ INFO ]  --获得JDBC连接--
2017-03-10 11:23:07  [ JavaFX Application Thread:0 ] - [ INFO ]  Refreshing org.apache.xbean.spring.context.ResourceXmlApplicationContext@574718ca: startup date [Fri Mar 10 11:23:07 CST 2017]; root of context hierarchy
2017-03-10 11:23:07  [ JavaFX Application Thread:70 ] - [ INFO ]  Loading XML bean definitions from file [C:\Users\Administrator\workspace\zb\config\applicationContext.xml]
2017-03-10 11:23:07  [ JavaFX Application Thread:437 ] - [ INFO ]  Loading XML bean definitions from file [C:\Users\Administrator\workspace\zb\config\mybatis.xml]
2017-03-10 11:23:07  [ JavaFX Application Thread:509 ] - [ INFO ]  Overriding bean definition for bean 'tableRelationTools' with a different definition: replacing [Generic bean: class [com.iscas.zb.tools.TableRelationTools]; scope=singleton; abstract=false; lazyInit=false; autowireMode=0; dependencyCheck=0; autowireCandidate=true; primary=false; factoryBeanName=null; factoryMethodName=null; initMethodName=null; destroyMethodName=null; defined in file [C:\Users\Administrator\workspace\zb\bin\com\iscas\zb\tools\TableRelationTools.class]] with [Generic bean: class [com.iscas.zb.tools.TableRelationTools]; scope=; abstract=false; lazyInit=false; autowireMode=0; dependencyCheck=0; autowireCandidate=true; primary=false; factoryBeanName=null; factoryMethodName=null; initMethodName=null; destroyMethodName=null; defined in file [C:\Users\Administrator\workspace\zb\config\applicationContext.xml]]
2017-03-10 11:23:07  [ JavaFX Application Thread:511 ] - [ INFO ]  Overriding bean definition for bean 'enToChTools' with a different definition: replacing [Generic bean: class [com.iscas.zb.tools.EnToChTools]; scope=singleton; abstract=false; lazyInit=false; autowireMode=0; dependencyCheck=0; autowireCandidate=true; primary=false; factoryBeanName=null; factoryMethodName=null; initMethodName=null; destroyMethodName=null; defined in file [C:\Users\Administrator\workspace\zb\bin\com\iscas\zb\tools\EnToChTools.class]] with [Generic bean: class [com.iscas.zb.tools.EnToChTools]; scope=; abstract=false; lazyInit=false; autowireMode=0; dependencyCheck=0; autowireCandidate=true; primary=false; factoryBeanName=null; factoryMethodName=null; initMethodName=null; destroyMethodName=null; defined in file [C:\Users\Administrator\workspace\zb\config\applicationContext.xml]]
2017-03-10 11:23:07  [ JavaFX Application Thread:882 ] - [ INFO ]  Loading properties file from file [C:\Users\Administrator\workspace\zb\config\jdbc.properties]
2017-03-10 11:23:09  [ JavaFX Application Thread:2123 ] - [ INFO ]  Using default implementation for ThreadExecutor
2017-03-10 11:23:09  [ JavaFX Application Thread:2137 ] - [ INFO ]  Initialized Scheduler Signaller of type: class org.quartz.core.SchedulerSignalerImpl
2017-03-10 11:23:09  [ JavaFX Application Thread:2137 ] - [ INFO ]  Quartz Scheduler v.2.2.2 created.
2017-03-10 11:23:09  [ JavaFX Application Thread:2138 ] - [ INFO ]  RAMJobStore initialized.
2017-03-10 11:23:09  [ JavaFX Application Thread:2139 ] - [ INFO ]  Scheduler meta-data: Quartz Scheduler (v2.2.2) 'org.springframework.scheduling.quartz.SchedulerFactoryBean#0' with instanceId 'NON_CLUSTERED'
  Scheduler class: 'org.quartz.core.QuartzScheduler' - running locally.
  NOT STARTED.
  Currently in standby mode.
  Number of jobs executed: 0
  Using thread pool 'org.quartz.simpl.SimpleThreadPool' - with 10 threads.
  Using job-store 'org.quartz.simpl.RAMJobStore' - which does not support persistence. and is not clustered.

2017-03-10 11:23:09  [ JavaFX Application Thread:2139 ] - [ INFO ]  Quartz scheduler 'org.springframework.scheduling.quartz.SchedulerFactoryBean#0' initialized from an externally provided properties instance.
2017-03-10 11:23:09  [ JavaFX Application Thread:2139 ] - [ INFO ]  Quartz scheduler version: 2.2.2
2017-03-10 11:23:09  [ JavaFX Application Thread:2141 ] - [ INFO ]  JobFactory set to: org.springframework.scheduling.quartz.AdaptableJobFactory@15fcc6c6
2017-03-10 11:23:09  [ JavaFX Application Thread:2196 ] - [ INFO ]  Starting beans in phase 2147483647
2017-03-10 11:23:09  [ JavaFX Application Thread:2196 ] - [ INFO ]  Starting Quartz Scheduler now
2017-03-10 11:23:09  [ JavaFX Application Thread:2197 ] - [ INFO ]  Scheduler org.springframework.scheduling.quartz.SchedulerFactoryBean#0_$_NON_CLUSTERED started.
2017-03-10 11:23:09  [ JavaFX Application Thread:2205 ] - [ INFO ]  --spring启动--
2017-03-10 11:23:13  [ Thread-4:6217 ] - [ INFO ]  --开始初始化XML配置--
2017-03-10 11:23:13  [ Thread-4:6260 ] - [ INFO ]  --初始化XML配置结束--
2017-03-10 11:23:14  [ Thread-4:7215 ] - [ INFO ]  --获得JDBC连接--
2017-03-10 11:24:19  [ JavaFX Application Thread:72707 ] - [ INFO ]  --弹出表数据内容中英文对照表--
2017-03-10 11:28:56  [ JavaFX Application Thread:0 ] - [ INFO ]  Refreshing org.apache.xbean.spring.context.ResourceXmlApplicationContext@574718ca: startup date [Fri Mar 10 11:28:56 CST 2017]; root of context hierarchy
2017-03-10 11:28:56  [ JavaFX Application Thread:80 ] - [ INFO ]  Loading XML bean definitions from file [C:\Users\Administrator\workspace\zb\config\applicationContext.xml]
2017-03-10 11:28:56  [ JavaFX Application Thread:476 ] - [ INFO ]  Loading XML bean definitions from file [C:\Users\Administrator\workspace\zb\config\mybatis.xml]
2017-03-10 11:28:57  [ JavaFX Application Thread:533 ] - [ INFO ]  Overriding bean definition for bean 'tableRelationTools' with a different definition: replacing [Generic bean: class [com.iscas.zb.tools.TableRelationTools]; scope=singleton; abstract=false; lazyInit=false; autowireMode=0; dependencyCheck=0; autowireCandidate=true; primary=false; factoryBeanName=null; factoryMethodName=null; initMethodName=null; destroyMethodName=null; defined in file [C:\Users\Administrator\workspace\zb\bin\com\iscas\zb\tools\TableRelationTools.class]] with [Generic bean: class [com.iscas.zb.tools.TableRelationTools]; scope=; abstract=false; lazyInit=false; autowireMode=0; dependencyCheck=0; autowireCandidate=true; primary=false; factoryBeanName=null; factoryMethodName=null; initMethodName=null; destroyMethodName=null; defined in file [C:\Users\Administrator\workspace\zb\config\applicationContext.xml]]
2017-03-10 11:28:57  [ JavaFX Application Thread:534 ] - [ INFO ]  Overriding bean definition for bean 'enToChTools' with a different definition: replacing [Generic bean: class [com.iscas.zb.tools.EnToChTools]; scope=singleton; abstract=false; lazyInit=false; autowireMode=0; dependencyCheck=0; autowireCandidate=true; primary=false; factoryBeanName=null; factoryMethodName=null; initMethodName=null; destroyMethodName=null; defined in file [C:\Users\Administrator\workspace\zb\bin\com\iscas\zb\tools\EnToChTools.class]] with [Generic bean: class [com.iscas.zb.tools.EnToChTools]; scope=; abstract=false; lazyInit=false; autowireMode=0; dependencyCheck=0; autowireCandidate=true; primary=false; factoryBeanName=null; factoryMethodName=null; initMethodName=null; destroyMethodName=null; defined in file [C:\Users\Administrator\workspace\zb\config\applicationContext.xml]]
2017-03-10 11:28:57  [ JavaFX Application Thread:935 ] - [ INFO ]  Loading properties file from file [C:\Users\Administrator\workspace\zb\config\jdbc.properties]
2017-03-10 11:28:58  [ JavaFX Application Thread:2196 ] - [ INFO ]  Using default implementation for ThreadExecutor
2017-03-10 11:28:58  [ JavaFX Application Thread:2218 ] - [ INFO ]  Initialized Scheduler Signaller of type: class org.quartz.core.SchedulerSignalerImpl
2017-03-10 11:28:58  [ JavaFX Application Thread:2218 ] - [ INFO ]  Quartz Scheduler v.2.2.2 created.
2017-03-10 11:28:58  [ JavaFX Application Thread:2220 ] - [ INFO ]  RAMJobStore initialized.
2017-03-10 11:28:58  [ JavaFX Application Thread:2221 ] - [ INFO ]  Scheduler meta-data: Quartz Scheduler (v2.2.2) 'org.springframework.scheduling.quartz.SchedulerFactoryBean#0' with instanceId 'NON_CLUSTERED'
  Scheduler class: 'org.quartz.core.QuartzScheduler' - running locally.
  NOT STARTED.
  Currently in standby mode.
  Number of jobs executed: 0
  Using thread pool 'org.quartz.simpl.SimpleThreadPool' - with 10 threads.
  Using job-store 'org.quartz.simpl.RAMJobStore' - which does not support persistence. and is not clustered.

2017-03-10 11:28:58  [ JavaFX Application Thread:2222 ] - [ INFO ]  Quartz scheduler 'org.springframework.scheduling.quartz.SchedulerFactoryBean#0' initialized from an externally provided properties instance.
2017-03-10 11:28:58  [ JavaFX Application Thread:2222 ] - [ INFO ]  Quartz scheduler version: 2.2.2
2017-03-10 11:28:58  [ JavaFX Application Thread:2224 ] - [ INFO ]  JobFactory set to: org.springframework.scheduling.quartz.AdaptableJobFactory@15fcc6c6
2017-03-10 11:28:58  [ JavaFX Application Thread:2274 ] - [ INFO ]  Starting beans in phase 2147483647
2017-03-10 11:28:58  [ JavaFX Application Thread:2274 ] - [ INFO ]  Starting Quartz Scheduler now
2017-03-10 11:28:58  [ JavaFX Application Thread:2275 ] - [ INFO ]  Scheduler org.springframework.scheduling.quartz.SchedulerFactoryBean#0_$_NON_CLUSTERED started.
2017-03-10 11:28:58  [ JavaFX Application Thread:2279 ] - [ INFO ]  --spring启动--
2017-03-10 11:29:00  [ Thread-4:3945 ] - [ INFO ]  --开始初始化XML配置--
2017-03-10 11:29:00  [ Thread-4:3983 ] - [ INFO ]  --初始化XML配置结束--
2017-03-10 11:29:01  [ Thread-4:4827 ] - [ INFO ]  --获得JDBC连接--
2017-03-10 11:29:05  [ JavaFX Application Thread:8632 ] - [ INFO ]  --弹出表基本参数--
2017-03-10 11:29:05  [ Thread-7:8665 ] - [ INFO ]  Loading XML bean definitions from class path resource [org/springframework/jdbc/support/sql-error-codes.xml]
2017-03-10 11:29:05  [ Thread-7:8801 ] - [ INFO ]  SQLErrorCodes loaded: [DB2, Derby, H2, HSQL, Informix, MS-SQL, MySQL, Oracle, PostgreSQL, Sybase, Hana]
2017-03-10 11:29:05  [ JavaFX Application Thread:8888 ] - [ ERROR ]  [Ljava.lang.StackTraceElement;@4c0ae826
2017-03-10 11:29:05  [ JavaFX Application Thread:8889 ] - [ ERROR ]  
### Error querying database.  Cause: java.sql.SQLSyntaxErrorException: ORA-00903: 表名无效

### The error may exist in file [C:\Users\Administrator\workspace\zb\bin\com\iscas\zb\mapper\UnEntityMapper.xml]
### The error may involve com.iscas.zb.dao.UnEntityDao.selectDataToList-Inline
### The error occurred while setting parameters
### SQL: select count(*) as total from   where 1 =1
### Cause: java.sql.SQLSyntaxErrorException: ORA-00903: 表名无效

; bad SQL grammar []; nested exception is java.sql.SQLSyntaxErrorException: ORA-00903: 表名无效

2017-03-10 11:29:14  [ JavaFX Application Thread:17549 ] - [ INFO ]  --弹出表空军基地--
2017-03-10 11:29:48  [ JavaFX Application Thread:52050 ] - [ INFO ]  --弹出表空军基地--
